[mvt-phase2b] 2026-04-28T23:34:58.987Z using RPC host: base-mainnet.infura.io (receipt timeout 600s per tx) — progress file: /Users/Jeyak1/Documents/Arells/Arells/Apps/Web/arellsstore/mvt-phase2b-progress.log
[mvt-phase2b] 2026-04-28T23:34:59.089Z cancelSellOrderPreBuy: fetching open sell orders…
[mvt-phase2b] 2026-04-28T23:34:59.186Z cancelSellOrderPreBuy: no orders to cancel.
[mvt-phase2b] 2026-04-28T23:34:59.276Z approve: need allowance for buy (usdcAmount=1000000) — submitting…
[mvt-phase2b] 2026-04-28T23:34:59.871Z approve: tx 0xc9756f156684d25f2453229b675b0fadaef1579bb970500d18429c7e15a64d0d — waiting for receipt…
[mvt-phase2b] 2026-04-28T23:35:04.873Z approve: still waiting for receipt 0xc9756f156684d25f2453229b675b0fadaef1579bb970500d18429c7e15a64d0d (5s elapsed, max 600s)…
[mvt-phase2b] 2026-04-28T23:35:05.624Z approve: confirmed block=45314979 status=success
[mvt-phase2b] 2026-04-28T23:35:05.724Z buyFromTreasury: usdcAmount=1000000 — submitting…
[mvt-phase2b] 2026-04-28T23:35:05.792Z createSellOrder: confirmed block=45314979 status=success
[mvt-phase2b] 2026-04-28T23:35:06.247Z buyFromTreasury: tx 0x321df905c9359323f59fe62d908cedf4d11ed6ecc69dab214ed9ef4a5523d104 — waiting for receipt…
[mvt-phase2b] 2026-04-28T23:35:09.817Z buyFromTreasury: confirmed block=45314981 status=success
[mvt-phase2b] 2026-04-28T23:35:09.993Z createSellOrder: tokenAmount=47784504852133529998158 pricePerToken=31369340682275 — submitting…
[mvt-phase2b] 2026-04-28T23:35:10.407Z createSellOrder: tx 0x7116fefac0386ac77c57981e0cc4e14ca1346fa9566b024ce5b0a1df75ec580d — waiting for receipt…
[mvt-phase2b] 2026-04-28T23:35:13.973Z createSellOrder: confirmed block=45314983 status=success
[mvt-phase2b] 2026-04-28T23:35:14.163Z approveForMatch: matchUsdc=749484 — submitting…
[mvt-phase2b] 2026-04-28T23:35:14.604Z approveForMatch: tx 0x8a469fa52c432589e6dba99119f4270a15646e240d1af230c88bb4d2b04b3083 — waiting for receipt…
[mvt-phase2b] 2026-04-28T23:35:18.185Z approveForMatch: confirmed block=45314986 status=success
[mvt-phase2b] 2026-04-28T23:35:19.775Z matchSellOrder: orderId=4 buyer=self matchUsdc=749484 — submitting…
[mvt-phase2b] 2026-04-28T23:35:20.196Z matchSellOrder: tx 0x4239c260039db6396ddc66b2648edac3b2973bf2196630a4a6acc85ed3788494 — waiting for receipt…
[mvt-phase2b] 2026-04-28T23:35:23.805Z matchSellOrder: confirmed block=45314988 status=success
[mvt-phase2b] 2026-04-28T23:35:23.805Z cancelSellOrderPostMatch: fetching open sell orders…
[mvt-phase2b] 2026-04-28T23:35:23.908Z cancelSellOrderPostMatch: canceling 1 order(s)…
[mvt-phase2b] 2026-04-28T23:35:23.909Z cancelSellOrderPostMatch: submit cancel orderId=4…
[mvt-phase2b] 2026-04-28T23:35:24.283Z cancelSellOrderPostMatch: orderId=4 tx submitted 0xc0ab9b57d9bc46a5b0019b380d3d9d072cac0c8d1f4a885f68e825d6bb9e776d — waiting for receipt (timeout 600s)…
[mvt-phase2b] 2026-04-28T23:35:27.839Z cancelSellOrderPostMatch: orderId=4 confirmed block=45314990 status=success
[mvt-phase2b] 2026-04-28T23:35:27.840Z withdrawFullPosition: submitting…
[mvt-phase2b] 2026-04-28T23:35:28.277Z withdrawFullPosition: tx 0x9469e7a20fd0fc5a249e2cfded72d2840a6d3370f70e7cf9720bc37ff2a8443d — waiting for receipt…
[mvt-phase2b] 2026-04-28T23:35:31.816Z withdrawFullPosition: confirmed block=45314992 status=success
[mvt-phase2b] 2026-04-28T23:35:31.817Z processQueue: submitting…
[mvt-phase2b] 2026-04-28T23:35:32.197Z processQueue: tx 0xed5224dbea2a7b32e5799f4b9999beecbee4620280f6e0b3018aa00b8362c616 — waiting for receipt…
[mvt-phase2b] 2026-04-28T23:35:35.765Z processQueue: confirmed block=45314994 status=success
[mvt-phase2b] 2026-04-28T23:35:35.859Z done — final position snapshot below.
